<?xml version="1.0" encoding="UTF-8"?>
<!-- Generated by org.testng.reporters.JUnitReportReporter -->
<testsuite hostname="LTIN504051" failures="0" tests="3" name="TestRunner.TestRegistrationRunner" time="36.224" errors="0" timestamp="2024-11-03T18:45:07 IST" skipped="0">
  <testcase classname="TestRunner.TestRegistrationRunner" name="runScenario" time="11.939"/>
  <testcase classname="TestRunner.TestRegistrationRunner" name="runScenario" time="12.471"/>
  <testcase classname="TestRunner.TestRegistrationRunner" name="runScenario" time="11.814"/>
</testsuite> <!-- TestRunner.TestRegistrationRunner -->
