<?xml version="1.0" encoding="UTF-8"?>
<!-- Generated by org.testng.reporters.JUnitReportReporter -->
<testsuite hostname="LTIN504051" failures="0" tests="1" name="testCases.TC001_AccountRegistration_Test" time="4.960" errors="0" timestamp="2024-10-31T21:36:23 IST" skipped="0">
  <testcase classname="testCases.TC001_AccountRegistration_Test" name="verify_accountRegistration" time="4.960"/>
</testsuite> <!-- testCases.TC001_AccountRegistration_Test -->
