<?xml version="1.0" encoding="UTF-8"?>
<!-- Generated by org.testng.reporters.JUnitReportReporter -->
<testsuite hostname="LTIN504051" failures="0" tests="1" name="testCases.TC003_Login_DataDrivenTest" time="14.031" errors="0" timestamp="2024-10-29T23:08:49 IST" skipped="0">
  <testcase classname="testCases.TC003_Login_DataDrivenTest" name="Verify_LoginDDT" time="14.031"/>
</testsuite> <!-- testCases.TC003_Login_DataDrivenTest -->
