<?xml version="1.0" encoding="UTF-8"?>
<!-- Generated by org.testng.reporters.JUnitReportReporter -->
<testsuite hostname="LTIN504051" failures="0" tests="1" name="testCases.TC001_AccountRegistration_Test" time="5.494" errors="0" timestamp="2024-10-03T00:00:27 IST" skipped="0">
  <testcase classname="testCases.TC001_AccountRegistration_Test" name="verify_accountRegistration" time="5.494"/>
</testsuite> <!-- testCases.TC001_AccountRegistration_Test -->
