<?xml version="1.0" encoding="UTF-8"?>
<!-- Generated by org.testng.reporters.JUnitReportReporter -->
<testsuite hostname="LTIN504051" failures="0" tests="1" name="TestRunner.TestRegistrationRunner" time="17.009" errors="0" timestamp="2024-11-02T12:01:04 IST" skipped="0">
  <testcase classname="TestRunner.TestRegistrationRunner" name="runScenario" time="17.009"/>
</testsuite> <!-- TestRunner.TestRegistrationRunner -->
