<?xml version="1.0" encoding="UTF-8"?>
<!-- Generated by org.testng.reporters.JUnitReportReporter -->
<testsuite hostname="LTIN504051" failures="0" tests="1" name="testCases.TC003_Login_DataDrivenTest" time="4.829" errors="0" timestamp="2024-10-19T15:41:05 IST" skipped="0">
  <testcase classname="testCases.TC003_Login_DataDrivenTest" name="Verify_LoginDDT" time="4.829"/>
</testsuite> <!-- testCases.TC003_Login_DataDrivenTest -->
